2023-02-27 10:16:41,932 | log_upl.py-75 | [INFO] : 111
2023-02-27 10:19:41,282 | log_upl.py-75 | [INFO] : 111
2023-02-27 10:21:21,119 | CPD.py-98 | [INFO] : 加密后：CBBG 解密后：CBBG first_name相等，不一致
2023-02-27 10:21:23,640 | CPD.py-98 | [INFO] : 加密后：CBBG 解密后：CBBG first_name相等，不一致
2023-02-27 10:21:27,088 | CPD.py-98 | [INFO] : 加密后：EXST 解密后：EXST first_name相等，不一致
2023-02-27 10:21:29,485 | CPD.py-123 | [INFO] : [{'2160954965', 'ticket_no'}, {'CBBG', 'first_name'}, {'', 'full_name'}, {'AF030711', 'frequent_flyer_no_of_passenger'}, {'505724336', 'credential_no'}, {'passport_no', ''}, {'2160954967', 'ticket_no'}, {'CBBG', 'first_name'}, {'', 'full_name'}, {'AF030711', 'frequent_flyer_no_of_passenger'}, {'505724336', 'credential_no'}, {'passport_no', ''}, {'2180009708', 'ticket_no'}, {'', 'first_name'}, {'full_name', '田源'}, {'123507552382', 'frequent_flyer_no_of_passenger'}, {'140430199501240021', 'credential_no'}, {'passport_no', ''}, {'ticket_no', '2180007266'}, {'', 'first_name'}, {'full_name', '苏学文'}, {'128512511246', 'frequent_flyer_no_of_passenger'}, {'320202195508033016', 'credential_no'}, {'passport_no', ''}, {'', 'ticket_no'}, {'first_name', 'EXST'}, {'', 'full_name'}, {'', 'frequent_flyer_no_of_passenger'}, {'', 'credential_no'}, {'passport_no', ''}, {'2186647507', 'ticket_no'}, {'', 'first_name'}, {'刘向军', 'full_name'}, {'006736125935', 'frequent_flyer_no_of_passenger'}, {'120105196906142198', 'credential_no'}, {'passport_no', ''}, {'ticket_no', '2189108681'}, {'', 'first_name'}, {'full_name', '于翔'}, {'FT314539', 'frequent_flyer_no_of_passenger'}, {'150102198810270131', 'credential_no'}, {'passport_no', ''}]
2023-02-27 10:22:55,091 | CPD.py-98 | [INFO] : 加密后：CBBG 解密后：CBBG first_name相等，不一致
2023-02-27 10:22:56,202 | CPD.py-98 | [INFO] : 加密后：CBBG 解密后：CBBG first_name相等，不一致
2023-02-27 10:23:44,981 | CPD.py-97 | [INFO] : 加密后：CBBG 解密后：CBBG first_name相等，不一致
2023-02-27 10:23:46,299 | CPD.py-97 | [INFO] : 加密后：CBBG 解密后：CBBG first_name相等，不一致
2023-02-27 10:24:00,315 | CPD.py-96 | [INFO] : 加密后：CBBG 解密后：CBBG first_name相等，不一致
2023-02-27 10:24:02,512 | CPD.py-96 | [INFO] : 加密后：CBBG 解密后：CBBG first_name相等，不一致
2023-02-27 10:24:26,824 | CPD.py-96 | [INFO] : 加密后：CBBG 解密后：CBBG first_name相等，不一致
2023-02-27 10:24:29,300 | CPD.py-96 | [INFO] : 加密后：CBBG 解密后：CBBG first_name相等，不一致
2023-02-27 10:24:32,611 | CPD.py-96 | [INFO] : 加密后：EXST 解密后：EXST first_name相等，不一致
2023-02-27 10:24:34,688 | CPD.py-123 | [INFO] : [{'ticket_no': '2160954965', 'first_name': 'CBBG', 'full_name': '', 'frequent_flyer_no_of_passenger': 'AF030711', 'credential_no': '505724336', 'passport_no': ''}, {'ticket_no': '2160954967', 'first_name': 'CBBG', 'full_name': '', 'frequent_flyer_no_of_passenger': 'AF030711', 'credential_no': '505724336', 'passport_no': ''}, {'ticket_no': '2180009708', 'first_name': '', 'full_name': '田源', 'frequent_flyer_no_of_passenger': '123507552382', 'credential_no': '140430199501240021', 'passport_no': ''}, {'ticket_no': '2180007266', 'first_name': '', 'full_name': '苏学文', 'frequent_flyer_no_of_passenger': '128512511246', 'credential_no': '320202195508033016', 'passport_no': ''}, {'ticket_no': '', 'first_name': 'EXST', 'full_name': '', 'frequent_flyer_no_of_passenger': '', 'credential_no': '', 'passport_no': ''}, {'ticket_no': '2186647507', 'first_name': '', 'full_name': '刘向军', 'frequent_flyer_no_of_passenger': '006736125935', 'credential_no': '120105196906142198', 'passport_no': ''}, {'ticket_no': '2189108681', 'first_name': '', 'full_name': '于翔', 'frequent_flyer_no_of_passenger': 'FT314539', 'credential_no': '150102198810270131', 'passport_no': ''}]
2023-02-27 10:47:15,214 | CPD.py-96 | [INFO] : 加密后：CBBG 解密后：CBBG first_name相等，不一致
2023-02-27 10:47:37,376 | CPD.py-96 | [INFO] : 加密后：CBBG 解密后：CBBG first_name相等，不一致
2023-02-27 10:48:12,999 | CPD.py-96 | [INFO] : 加密后：CBBG 解密后：CBBG first_name相等，不一致
2023-02-27 10:48:33,116 | CPD.py-96 | [INFO] : 加密后：CBBG 解密后：CBBG first_name相等，不一致
2023-02-27 10:49:51,121 | CPD.py-96 | [INFO] : 加密后：CBBG 解密后：CBBG first_name相等，不一致
2023-02-27 10:50:03,762 | CPD.py-96 | [INFO] : 加密后：CBBG 解密后：CBBG first_name相等，不一致
2023-02-27 10:50:21,273 | CPD.py-96 | [INFO] : 加密后：CBBG 解密后：CBBG first_name相等，不一致
2023-02-27 10:51:09,047 | CPD.py-96 | [INFO] : 加密后：CBBG 解密后：CBBG first_name相等，不一致
2023-02-27 10:51:10,171 | CPD.py-96 | [INFO] : 加密后：CBBG 解密后：CBBG first_name相等，不一致
2023-02-27 10:51:13,886 | CPD.py-96 | [INFO] : 加密后：EXST 解密后：EXST first_name相等，不一致
2023-02-27 10:51:16,296 | CPD.py-126 | [INFO] : []
2023-02-27 10:51:30,395 | CPD.py-96 | [INFO] : 加密后：CBBG 解密后：CBBG first_name相等，不一致
2023-02-27 10:51:31,359 | CPD.py-96 | [INFO] : 加密后：CBBG 解密后：CBBG first_name相等，不一致
2023-02-27 10:51:34,789 | CPD.py-96 | [INFO] : 加密后：EXST 解密后：EXST first_name相等，不一致
2023-02-27 10:51:36,623 | CPD.py-125 | [INFO] : []
2023-02-27 10:52:11,535 | CPD.py-96 | [INFO] : 加密后：CBBG 解密后：CBBG first_name相等，不一致
2023-02-27 10:52:12,514 | CPD.py-96 | [INFO] : 加密后：CBBG 解密后：CBBG first_name相等，不一致
2023-02-27 10:52:15,455 | CPD.py-96 | [INFO] : 加密后：EXST 解密后：EXST first_name相等，不一致
2023-02-27 10:52:17,622 | CPD.py-126 | [INFO] : []
2023-02-27 10:53:04,209 | CPD.py-96 | [INFO] : 加密后：CBBG 解密后：CBBG first_name相等，不一致
2023-02-27 10:53:05,322 | CPD.py-96 | [INFO] : 加密后：CBBG 解密后：CBBG first_name相等，不一致
2023-02-27 10:53:08,252 | CPD.py-96 | [INFO] : 加密后：EXST 解密后：EXST first_name相等，不一致
2023-02-27 10:53:10,634 | CPD.py-126 | [INFO] : []
2023-02-27 10:54:53,230 | CPD.py-96 | [INFO] : 加密后：CBBG 解密后：CBBG first_name相等，不一致
2023-02-27 10:54:54,304 | CPD.py-96 | [INFO] : 加密后：CBBG 解密后：CBBG first_name相等，不一致
2023-02-27 10:54:57,507 | CPD.py-96 | [INFO] : 加密后：EXST 解密后：EXST first_name相等，不一致
2023-02-27 10:54:59,602 | CPD.py-126 | [INFO] : []
2023-02-27 10:55:19,753 | CPD.py-96 | [INFO] : 加密后：CBBG 解密后：CBBG first_name相等，不一致
2023-02-27 10:55:20,727 | CPD.py-96 | [INFO] : 加密后：CBBG 解密后：CBBG first_name相等，不一致
2023-02-27 10:55:25,373 | CPD.py-96 | [INFO] : 加密后：EXST 解密后：EXST first_name相等，不一致
2023-02-27 10:55:27,296 | CPD.py-126 | [INFO] : []
2023-02-27 10:56:45,211 | CPD.py-96 | [INFO] : 加密后：CBBG 解密后：CBBG first_name相等，不一致
2023-02-27 10:56:46,226 | CPD.py-96 | [INFO] : 加密后：CBBG 解密后：CBBG first_name相等，不一致
2023-02-27 10:56:49,686 | CPD.py-96 | [INFO] : 加密后：EXST 解密后：EXST first_name相等，不一致
2023-02-27 10:56:52,624 | CPD.py-126 | [INFO] : []
2023-02-27 11:01:08,775 | CPD.py-95 | [INFO] : 加密后：CBBG 解密后：CBBG first_name相等，不一致
2023-02-27 11:01:09,797 | CPD.py-95 | [INFO] : 加密后：CBBG 解密后：CBBG first_name相等，不一致
2023-02-27 11:01:13,789 | CPD.py-95 | [INFO] : 加密后：EXST 解密后：EXST first_name相等，不一致
2023-02-27 11:01:38,337 | CPD.py-95 | [INFO] : 加密后：CBBG 解密后：CBBG first_name相等，不一致
2023-02-27 11:01:40,856 | CPD.py-95 | [INFO] : 加密后：CBBG 解密后：CBBG first_name相等，不一致
2023-02-27 11:01:43,961 | CPD.py-95 | [INFO] : 加密后：EXST 解密后：EXST first_name相等，不一致
2023-02-27 13:36:03,786 | CPD.py-95 | [INFO] : 加密后：5224 11995 解密后：5224 11995 passport_no相等，不一致
2023-02-27 13:36:04,556 | CPD.py-95 | [INFO] : 加密后：5224/11995 解密后：5224/11995 passport_no相等，不一致
2023-02-27 13:36:05,282 | CPD.py-95 | [INFO] : 加密后：522E 11995 解密后：522E 11995 passport_no相等，不一致
2023-02-27 13:36:06,440 | CPD.py-95 | [INFO] : 加密后：522E/11995 解密后：522E/11995 passport_no相等，不一致
2023-02-27 13:40:11,744 | CPD.py-95 | [INFO] : 加密后：0000 解密后：0000 passport_no相等，不一致
2023-02-27 13:40:12,450 | CPD.py-95 | [INFO] : 加密后：1427 解密后：1427 credential_no相等，不一致
2023-02-27 13:40:14,086 | CPD.py-95 | [INFO] : 加密后：6773/9966 解密后：6773/9966 credential_no相等，不一致
2023-02-27 13:40:14,823 | CPD.py-95 | [INFO] : 加密后：6773 9965 解密后：6773 9965 credential_no相等，不一致
2023-02-27 13:40:15,557 | CPD.py-95 | [INFO] : 加密后：5224 11995 解密后：5224 11995 passport_no相等，不一致
2023-02-27 13:40:16,258 | CPD.py-95 | [INFO] : 加密后：5224/11995 解密后：5224/11995 passport_no相等，不一致
2023-02-27 13:40:17,054 | CPD.py-95 | [INFO] : 加密后：522E 11995 解密后：522E 11995 passport_no相等，不一致
2023-02-27 13:40:17,836 | CPD.py-95 | [INFO] : 加密后：522E/11995 解密后：522E/11995 passport_no相等，不一致
2023-02-27 13:50:00,088 | CPD.py-95 | [INFO] : 加密后：0000 解密后：0000 passport_no相等，不一致
2023-02-27 13:50:00,743 | CPD.py-95 | [INFO] : 加密后：1427 解密后：1427 credential_no相等，不一致
2023-02-27 13:50:02,376 | CPD.py-95 | [INFO] : 加密后：6773/9966 解密后：6773/9966 credential_no相等，不一致
2023-02-27 13:50:03,123 | CPD.py-95 | [INFO] : 加密后：6773 9965 解密后：6773 9965 credential_no相等，不一致
2023-02-27 13:50:03,888 | CPD.py-95 | [INFO] : 加密后：5224 11995 解密后：5224 11995 passport_no相等，不一致
2023-02-27 13:50:04,636 | CPD.py-95 | [INFO] : 加密后：5224/11995 解密后：5224/11995 passport_no相等，不一致
2023-02-27 13:50:05,370 | CPD.py-95 | [INFO] : 加密后：522E 11995 解密后：522E 11995 passport_no相等，不一致
2023-02-27 13:50:06,155 | CPD.py-95 | [INFO] : 加密后：522E/11995 解密后：522E/11995 passport_no相等，不一致
2023-02-27 13:50:33,258 | CPD.py-95 | [INFO] : 加密后：0000 解密后：0000 passport_no相等，不一致
2023-02-27 13:50:33,897 | CPD.py-95 | [INFO] : 加密后：1427 解密后：1427 credential_no相等，不一致
2023-02-27 13:50:35,222 | CPD.py-95 | [INFO] : 加密后：6773/9966 解密后：6773/9966 credential_no相等，不一致
2023-02-27 13:50:35,826 | CPD.py-95 | [INFO] : 加密后：6773 9965 解密后：6773 9965 credential_no相等，不一致
2023-02-27 13:50:36,536 | CPD.py-95 | [INFO] : 加密后：5224 11995 解密后：5224 11995 passport_no相等，不一致
2023-02-27 13:50:37,232 | CPD.py-95 | [INFO] : 加密后：5224/11995 解密后：5224/11995 passport_no相等，不一致
2023-02-27 13:50:38,313 | CPD.py-95 | [INFO] : 加密后：522E 11995 解密后：522E 11995 passport_no相等，不一致
2023-02-27 13:50:39,078 | CPD.py-95 | [INFO] : 加密后：522E/11995 解密后：522E/11995 passport_no相等，不一致
2023-02-27 13:51:49,611 | CPD.py-95 | [INFO] : 加密后：0000 解密后：0000 passport_no相等，不一致
2023-02-27 13:51:50,303 | CPD.py-95 | [INFO] : 加密后：1427 解密后：1427 credential_no相等，不一致
2023-02-27 13:51:51,814 | CPD.py-95 | [INFO] : 加密后：6773/9966 解密后：6773/9966 credential_no相等，不一致
2023-02-27 13:51:52,597 | CPD.py-95 | [INFO] : 加密后：6773 9965 解密后：6773 9965 credential_no相等，不一致
2023-02-27 13:51:53,343 | CPD.py-95 | [INFO] : 加密后：5224 11995 解密后：5224 11995 passport_no相等，不一致
2023-02-27 13:51:54,054 | CPD.py-95 | [INFO] : 加密后：5224/11995 解密后：5224/11995 passport_no相等，不一致
2023-02-27 13:51:54,720 | CPD.py-95 | [INFO] : 加密后：522E 11995 解密后：522E 11995 passport_no相等，不一致
2023-02-27 13:51:55,398 | CPD.py-95 | [INFO] : 加密后：522E/11995 解密后：522E/11995 passport_no相等，不一致
2023-02-27 13:52:22,448 | CPD.py-95 | [INFO] : 加密后：0000 解密后：0000 passport_no相等，不一致
2023-02-27 13:52:23,196 | CPD.py-95 | [INFO] : 加密后：1427 解密后：1427 credential_no相等，不一致
2023-02-27 13:52:24,539 | CPD.py-95 | [INFO] : 加密后：6773/9966 解密后：6773/9966 credential_no相等，不一致
2023-02-27 13:52:25,239 | CPD.py-95 | [INFO] : 加密后：6773 9965 解密后：6773 9965 credential_no相等，不一致
2023-02-27 13:52:25,950 | CPD.py-95 | [INFO] : 加密后：5224 11995 解密后：5224 11995 passport_no相等，不一致
2023-02-27 13:52:26,659 | CPD.py-95 | [INFO] : 加密后：5224/11995 解密后：5224/11995 passport_no相等，不一致
2023-02-27 13:52:27,359 | CPD.py-95 | [INFO] : 加密后：522E 11995 解密后：522E 11995 passport_no相等，不一致
2023-02-27 13:52:28,039 | CPD.py-95 | [INFO] : 加密后：522E/11995 解密后：522E/11995 passport_no相等，不一致
2023-02-27 15:03:47,989 | CPD.py-95 | [INFO] : 加密后：0000 解密后：0000 passport_no相等，不一致
2023-02-27 15:03:48,687 | CPD.py-95 | [INFO] : 加密后：1427 解密后：1427 credential_no相等，不一致
2023-02-27 15:03:50,005 | CPD.py-95 | [INFO] : 加密后：TFE3434 解密后：TFE3434 frequent_flyer_no_of_passenger相等，不一致
2023-02-27 15:03:50,005 | CPD.py-95 | [INFO] : 加密后：6773/9966 解密后：6773/9966 credential_no相等，不一致
2023-02-27 15:03:50,659 | CPD.py-95 | [INFO] : 加密后：CA4512 解密后：CA4512 frequent_flyer_no_of_passenger相等，不一致
2023-02-27 15:03:50,659 | CPD.py-95 | [INFO] : 加密后：6773 9965 解密后：6773 9965 credential_no相等，不一致
2023-02-27 15:03:51,320 | CPD.py-95 | [INFO] : 加密后：5224 11995 解密后：5224 11995 passport_no相等，不一致
2023-02-27 15:03:51,930 | CPD.py-95 | [INFO] : 加密后：5224/11995 解密后：5224/11995 passport_no相等，不一致
2023-02-27 15:03:52,583 | CPD.py-95 | [INFO] : 加密后：522E 11995 解密后：522E 11995 passport_no相等，不一致
2023-02-27 15:03:53,251 | CPD.py-95 | [INFO] : 加密后：522E/11995 解密后：522E/11995 passport_no相等，不一致
2023-02-27 15:04:41,664 | CPD.py-95 | [INFO] : 加密后：0000 解密后：0000 passport_no相等，不一致
2023-02-27 15:04:42,390 | CPD.py-95 | [INFO] : 加密后：1427 解密后：1427 credential_no相等，不一致
2023-02-27 15:04:44,461 | CPD.py-95 | [INFO] : 加密后：TFE3434 解密后：TFE3434 frequent_flyer_no_of_passenger相等，不一致
2023-02-27 15:04:44,461 | CPD.py-95 | [INFO] : 加密后：6773/9966 解密后：6773/9966 credential_no相等，不一致
2023-02-27 15:04:45,545 | CPD.py-95 | [INFO] : 加密后：CA4512 解密后：CA4512 frequent_flyer_no_of_passenger相等，不一致
2023-02-27 15:04:45,545 | CPD.py-95 | [INFO] : 加密后：6773 9965 解密后：6773 9965 credential_no相等，不一致
2023-02-27 15:04:46,527 | CPD.py-95 | [INFO] : 加密后：5224 11995 解密后：5224 11995 passport_no相等，不一致
2023-02-27 15:04:47,298 | CPD.py-95 | [INFO] : 加密后：5224/11995 解密后：5224/11995 passport_no相等，不一致
2023-02-27 15:04:47,914 | CPD.py-95 | [INFO] : 加密后：522E 11995 解密后：522E 11995 passport_no相等，不一致
2023-02-27 15:04:48,572 | CPD.py-95 | [INFO] : 加密后：522E/11995 解密后：522E/11995 passport_no相等，不一致
2023-02-27 15:05:44,873 | CPD.py-95 | [INFO] : 加密后：0000 解密后：0000 passport_no相等，不一致
2023-02-27 15:05:45,566 | CPD.py-95 | [INFO] : 加密后：1427 解密后：1427 credential_no相等，不一致
2023-02-27 15:05:46,940 | CPD.py-95 | [INFO] : 加密后：TFE3434 解密后：TFE3434 frequent_flyer_no_of_passenger相等，不一致
2023-02-27 15:05:46,940 | CPD.py-95 | [INFO] : 加密后：6773/9966 解密后：6773/9966 credential_no相等，不一致
2023-02-27 15:05:47,635 | CPD.py-95 | [INFO] : 加密后：CA4512 解密后：CA4512 frequent_flyer_no_of_passenger相等，不一致
2023-02-27 15:05:47,636 | CPD.py-95 | [INFO] : 加密后：6773 9965 解密后：6773 9965 credential_no相等，不一致
2023-02-27 15:05:48,262 | CPD.py-95 | [INFO] : 加密后：5224 11995 解密后：5224 11995 passport_no相等，不一致
2023-02-27 15:05:48,983 | CPD.py-95 | [INFO] : 加密后：5224/11995 解密后：5224/11995 passport_no相等，不一致
2023-02-27 15:05:49,612 | CPD.py-95 | [INFO] : 加密后：522E 11995 解密后：522E 11995 passport_no相等，不一致
2023-02-27 15:05:50,343 | CPD.py-95 | [INFO] : 加密后：522E/11995 解密后：522E/11995 passport_no相等，不一致
