2023-03-07 09:10:16,869 | CPD.py-95 | [INFO] : 加密后：0000 解密后：0000 passport_no相等，不一致
2023-03-07 09:10:17,585 | CPD.py-95 | [INFO] : 加密后：1427 解密后：1427 credential_no相等，不一致
2023-03-07 09:10:19,095 | CPD.py-95 | [INFO] : 加密后：TFE3434 解密后：TFE3434 frequent_flyer_no_of_passenger相等，不一致
2023-03-07 09:10:19,095 | CPD.py-95 | [INFO] : 加密后：6773/9966 解密后：6773/9966 credential_no相等，不一致
2023-03-07 09:10:19,853 | CPD.py-95 | [INFO] : 加密后：CA4512 解密后：CA4512 frequent_flyer_no_of_passenger相等，不一致
2023-03-07 09:10:19,853 | CPD.py-95 | [INFO] : 加密后：6773 9965 解密后：6773 9965 credential_no相等，不一致
2023-03-07 09:10:20,655 | CPD.py-95 | [INFO] : 加密后：5224 11995 解密后：5224 11995 passport_no相等，不一致
2023-03-07 09:10:21,428 | CPD.py-95 | [INFO] : 加密后：5224/11995 解密后：5224/11995 passport_no相等，不一致
2023-03-07 09:10:22,102 | CPD.py-95 | [INFO] : 加密后：522E 11995 解密后：522E 11995 passport_no相等，不一致
2023-03-07 09:10:22,861 | CPD.py-95 | [INFO] : 加密后：522E/11995 解密后：522E/11995 passport_no相等，不一致
2023-03-07 10:55:43,963 | CPD.py-95 | [INFO] : 加密后：0000 解密后：0000 passport_no相等，不一致
2023-03-07 10:55:44,673 | CPD.py-95 | [INFO] : 加密后：1427 解密后：1427 credential_no相等，不一致
2023-03-07 10:55:46,071 | CPD.py-95 | [INFO] : 加密后：TFE3434 解密后：TFE3434 frequent_flyer_no_of_passenger相等，不一致
2023-03-07 10:55:46,072 | CPD.py-95 | [INFO] : 加密后：6773/9966 解密后：6773/9966 credential_no相等，不一致
2023-03-07 10:55:46,826 | CPD.py-95 | [INFO] : 加密后：CA4512 解密后：CA4512 frequent_flyer_no_of_passenger相等，不一致
2023-03-07 10:55:46,826 | CPD.py-95 | [INFO] : 加密后：6773 9965 解密后：6773 9965 credential_no相等，不一致
2023-03-07 10:55:47,612 | CPD.py-95 | [INFO] : 加密后：5224 11995 解密后：5224 11995 passport_no相等，不一致
2023-03-07 10:55:48,381 | CPD.py-95 | [INFO] : 加密后：5224/11995 解密后：5224/11995 passport_no相等，不一致
2023-03-07 10:55:49,068 | CPD.py-95 | [INFO] : 加密后：522E 11995 解密后：522E 11995 passport_no相等，不一致
2023-03-07 10:55:49,791 | CPD.py-95 | [INFO] : 加密后：522E/11995 解密后：522E/11995 passport_no相等，不一致
2023-03-07 14:11:19,512 | CPD.py-95 | [INFO] : 加密后：O钊 解密后：O钊 full_name相等，不一致
2023-03-07 14:13:31,114 | CPD.py-95 | [INFO] : 加密后：12 解密后：12 credential_no相等，不一致
2023-03-07 14:13:31,683 | CPD.py-95 | [INFO] : 加密后：21 解密后：21 credential_no相等，不一致
